\BOOKMARK [0][-]{chapter*.2}{Introduction}{}% 1
\BOOKMARK [0][-]{chapter.1}{Fundamentals}{}% 2
\BOOKMARK [1][-]{section.1.1}{Maxwell's\040Equations\040and\040Potentials\040for\040Electric\040Sources}{chapter.1}% 3
\BOOKMARK [2][-]{subsection.1.1.1}{Piecewise\040Homogeneous\040Medium}{section.1.1}% 4
\BOOKMARK [1][-]{section.1.2}{Maxwell's\040Equations\040for\040Magnetic\040Sources}{chapter.1}% 5
\BOOKMARK [2][-]{subsection.1.2.1}{Piecewise\040Homogeneous\040Medium}{section.1.2}% 6
\BOOKMARK [1][-]{section.1.3}{Duality}{chapter.1}% 7
\BOOKMARK [1][-]{section.1.4}{Fourier\040Transform\040Definitions}{chapter.1}% 8
\BOOKMARK [2][-]{subsection.1.4.1}{One-dimensional\040Transform}{section.1.4}% 9
\BOOKMARK [2][-]{subsection.1.4.2}{Two-dimensional\040Transform}{section.1.4}% 10
\BOOKMARK [0][-]{chapter.2}{Periodicity,\040Reciprocal\040Lattice,\040Floquet\040Modes}{}% 11
\BOOKMARK [1][-]{section.2.1}{The\040Direct\040Lattice}{chapter.2}% 12
\BOOKMARK [1][-]{section.2.2}{Periodic\040Boundary\040Conditions\040and\040the\040Unit\040Cell}{chapter.2}% 13
\BOOKMARK [2][-]{subsection.2.2.1}{Mode\040Potentials}{section.2.2}% 14
\BOOKMARK [2][-]{subsection.2.2.2}{TE\040modes}{section.2.2}% 15
\BOOKMARK [2][-]{subsection.2.2.3}{TM\040modes}{section.2.2}% 16
\BOOKMARK [2][-]{subsection.2.2.4}{Mode\040Normalization}{section.2.2}% 17
\BOOKMARK [0][-]{chapter.3}{Generalized\040Scattering\040Matrix}{}% 18
\BOOKMARK [1][-]{section.3.1}{Introduction}{chapter.3}% 19
\BOOKMARK [1][-]{section.3.2}{Definition\040of\040the\040GSM}{chapter.3}% 20
\BOOKMARK [1][-]{section.3.3}{GSM\040of\040a\040Dielectric\040Interface}{chapter.3}% 21
\BOOKMARK [2][-]{subsection.3.3.1}{Wave\040Incident\040from\040Region\0401}{section.3.3}% 22
\BOOKMARK [2][-]{subsection.3.3.2}{Wave\040Incident\040from\040Region\0402}{section.3.3}% 23
\BOOKMARK [2][-]{subsection.3.3.3}{Summary}{section.3.3}% 24
\BOOKMARK [1][-]{section.3.4}{GSM\040of\040a\040Dielectric\040Slab}{chapter.3}% 25
\BOOKMARK [1][-]{section.3.5}{GSM\040of\040a\040Cascade}{chapter.3}% 26
\BOOKMARK [2][-]{subsection.3.5.1}{Device\040A\040is\040a\040Dielectric\040Slab}{section.3.5}% 27
\BOOKMARK [2][-]{subsection.3.5.2}{Device\040B\040is\040a\040Dielectric\040Slab}{section.3.5}% 28
\BOOKMARK [0][-]{chapter.4}{Mixed\040Potential\040Green's\040Functions\040for\040Abutted\040Half-Spaces}{}% 29
\BOOKMARK [1][-]{section.4.1}{Derivation\040of\040Modal\040Series}{chapter.4}% 30
\BOOKMARK [2][-]{subsection.4.1.1}{Magnetic\040Vector\040Potential}{section.4.1}% 31
\BOOKMARK [2][-]{subsection.4.1.2}{Scalar\040Electric\040Potential}{section.4.1}% 32
\BOOKMARK [2][-]{subsection.4.1.3}{Summary\040of\040Source\040Plane\040Potentials}{section.4.1}% 33
\BOOKMARK [1][-]{section.4.2}{Series\040Acceleration}{chapter.4}% 34
\BOOKMARK [2][-]{subsection.4.2.1}{Kummer's\040Transformation}{section.4.2}% 35
\BOOKMARK [2][-]{subsection.4.2.2}{Application\040of\040the\040Poisson\040Transformation}{section.4.2}% 36
\BOOKMARK [0][-]{chapter.5}{Green's\040Functions\040for\040Multiply\040Stratified\040Medium}{}% 37
\BOOKMARK [1][-]{section.5.1}{The\040Discrete\040Spectrum\040of\040Quasi-Periodic\040Functions}{chapter.5}% 38
\BOOKMARK [1][-]{section.5.2}{Potential\040Green's\040Functions\040\(Electric\040Sources\)}{chapter.5}% 39
\BOOKMARK [2][-]{subsection.5.2.1}{Magnetic\040Vector\040Potential}{section.5.2}% 40
\BOOKMARK [2][-]{subsection.5.2.2}{Scalar\040Electric\040Potential}{section.5.2}% 41
\BOOKMARK [2][-]{subsection.5.2.3}{Evaluation\040of\040Transmission\040Line\040Green's\040Functions}{section.5.2}% 42
\BOOKMARK [2][-]{subsection.5.2.4}{Series\040Acceleration}{section.5.2}% 43
\BOOKMARK [1][-]{section.5.3}{Potential\040Green's\040Functions\040\(Magnetic\040Sources\)}{chapter.5}% 44
\BOOKMARK [2][-]{subsection.5.3.1}{Electric\040Vector\040Potential}{section.5.3}% 45
\BOOKMARK [2][-]{subsection.5.3.2}{Scalar\040Magnetic\040Potential}{section.5.3}% 46
\BOOKMARK [2][-]{subsection.5.3.3}{Evaluation\040of\040Transmission\040Line\040Green's\040Functions}{section.5.3}% 47
\BOOKMARK [2][-]{subsection.5.3.4}{Series\040Acceleration}{section.5.3}% 48
\BOOKMARK [1][-]{section.5.4}{FFT\040Evaluation\040of\040the\040Modal\040Difference\040Series}{chapter.5}% 49
\BOOKMARK [0][-]{chapter.6}{Calculation\040of\040Incident\040Fields\040and\040GSM\040Entries}{}% 50
\BOOKMARK [1][-]{section.6.1}{Introduction}{chapter.6}% 51
\BOOKMARK [1][-]{section.6.2}{Electric\040Current\040Unknowns}{chapter.6}% 52
\BOOKMARK [2][-]{subsection.6.2.1}{Calculation\040of\040Incident\040Fields}{section.6.2}% 53
\BOOKMARK [2][-]{subsection.6.2.2}{Calculation\040of\040\(scattered\)\040GSM\040entries}{section.6.2}% 54
\BOOKMARK [1][-]{section.6.3}{Magnetic\040Current\040Unknowns}{chapter.6}% 55
\BOOKMARK [2][-]{subsection.6.3.1}{Calculation\040of\040Incident\040Fields}{section.6.3}% 56
\BOOKMARK [2][-]{subsection.6.3.2}{Calculation\040of\040\(scattered\)\040GSM\040entries}{section.6.3}% 57
\BOOKMARK [0][-]{chapter.7}{Moment\040Method\040Formulation}{}% 58
\BOOKMARK [1][-]{section.7.1}{Electric\040Current\040Mixed\040Potential\040Integral\040Equation}{chapter.7}% 59
\BOOKMARK [2][-]{subsection.7.1.1}{Basis\040Functions}{section.7.1}% 60
\BOOKMARK [2][-]{subsection.7.1.2}{Impedance\040Matrix}{section.7.1}% 61
\BOOKMARK [2][-]{subsection.7.1.3}{Generalized\040Voltage\040Vector}{section.7.1}% 62
\BOOKMARK [1][-]{section.7.2}{Magnetic\040Current\040Mixed\040Potential\040Integral\040Equation}{chapter.7}% 63
\BOOKMARK [2][-]{subsection.7.2.1}{Admittance\040Matrix}{section.7.2}% 64
\BOOKMARK [2][-]{subsection.7.2.2}{Generalized\040Current\040Vector}{section.7.2}% 65
\BOOKMARK [0][-]{appendix.A}{Orthogonality\040of\040Floquet\040Modes}{}% 66
\BOOKMARK [1][-]{section.A.1}{Both\040Modes\040Share\040Common\040Wave\040Vector}{appendix.A}% 67
\BOOKMARK [1][-]{section.A.2}{Distinct\040Wave\040Vectors}{appendix.A}% 68
\BOOKMARK [0][-]{appendix.B}{Evaluation\040of\040Singular\040Integrals}{}% 69
\BOOKMARK [1][-]{section.B.1}{Basis\040Function\040Inner\040Products}{appendix.B}% 70
\BOOKMARK [2][-]{subsection.B.1.1}{Basis\040Function\040Self\040Inner\040Product}{section.B.1}% 71
\BOOKMARK [2][-]{subsection.B.1.2}{Inner\040Product\040of\040Distinct\040Basis\040Functions}{section.B.1}% 72
\BOOKMARK [0][-]{appendix*.45}{References}{}% 73
